<component name="libraryTable">
  <library name="junit-jupiter-5.6.0">
    <CLASSES>
      <root url="jar://$PROJECT_DIR$/WebContent/lib/junit-jupiter-5.6.0.jar!/" />
    </CLASSES>
    <JAVADOC />
    <SOURCES />
  </library>
</component>